{"C:\\fdu\\csci3444\\projects\\exam_section_2\\src\\common\\util\\math\\myCube.js":{"path":"C:\\fdu\\csci3444\\projects\\exam_section_2\\src\\common\\util\\math\\myCube.js","s":{"1":1,"2":4,"3":0,"4":4,"5":4,"6":4},"b":{"1":[0,4],"2":[4,0]},"f":{"1":4},"fnMap":{"1":{"name":"(anonymous_1)","line":3,"loc":{"start":{"line":3,"column":16},"end":{"line":3,"column":35}}}},"statementMap":{"1":{"start":{"line":1,"column":0},"end":{"line":13,"column":1}},"2":{"start":{"line":4,"column":8},"end":{"line":6,"column":9}},"3":{"start":{"line":5,"column":12},"end":{"line":5,"column":50}},"4":{"start":{"line":7,"column":8},"end":{"line":11,"column":9}},"5":{"start":{"line":9,"column":12},"end":{"line":9,"column":45}},"6":{"start":{"line":10,"column":12},"end":{"line":10,"column":47}}},"branchMap":{"1":{"line":4,"type":"if","locations":[{"start":{"line":4,"column":8},"end":{"line":4,"column":8}},{"start":{"line":4,"column":8},"end":{"line":4,"column":8}}]},"2":{"line":7,"type":"if","locations":[{"start":{"line":7,"column":8},"end":{"line":7,"column":8}},{"start":{"line":7,"column":8},"end":{"line":7,"column":8}}]}}},"C:\\fdu\\csci3444\\projects\\exam_section_2\\src\\common\\util\\math\\mySquare.js":{"path":"C:\\fdu\\csci3444\\projects\\exam_section_2\\src\\common\\util\\math\\mySquare.js","s":{"1":1,"2":4,"3":0,"4":4,"5":4,"6":4},"b":{"1":[0,4],"2":[4,0]},"f":{"1":4},"fnMap":{"1":{"name":"(anonymous_1)","line":3,"loc":{"start":{"line":3,"column":18},"end":{"line":3,"column":37}}}},"statementMap":{"1":{"start":{"line":1,"column":0},"end":{"line":14,"column":1}},"2":{"start":{"line":5,"column":8},"end":{"line":7,"column":9}},"3":{"start":{"line":6,"column":12},"end":{"line":6,"column":39}},"4":{"start":{"line":8,"column":8},"end":{"line":12,"column":9}},"5":{"start":{"line":10,"column":12},"end":{"line":10,"column":47}},"6":{"start":{"line":11,"column":12},"end":{"line":11,"column":41}}},"branchMap":{"1":{"line":5,"type":"if","locations":[{"start":{"line":5,"column":8},"end":{"line":5,"column":8}},{"start":{"line":5,"column":8},"end":{"line":5,"column":8}}]},"2":{"line":8,"type":"if","locations":[{"start":{"line":8,"column":8},"end":{"line":8,"column":8}},{"start":{"line":8,"column":8},"end":{"line":8,"column":8}}]}}}}