TN:
SF:C:\fdu\csci3444\projects\exam_section_2\src\common\util\math\myCube.js
FN:3,(anonymous_1)
FNF:1
FNH:1
FNDA:4,(anonymous_1)
DA:1,1
DA:4,4
DA:5,0
DA:7,4
DA:9,4
DA:10,4
LF:6
LH:5
BRDA:4,1,0,0
BRDA:4,1,1,4
BRDA:7,2,0,4
BRDA:7,2,1,0
BRF:4
BRH:2
end_of_record
TN:
SF:C:\fdu\csci3444\projects\exam_section_2\src\common\util\math\mySquare.js
FN:3,(anonymous_1)
FNF:1
FNH:1
FNDA:4,(anonymous_1)
DA:1,1
DA:5,4
DA:6,0
DA:8,4
DA:10,4
DA:11,4
LF:6
LH:5
BRDA:5,1,0,0
BRDA:5,1,1,4
BRDA:8,2,0,4
BRDA:8,2,1,0
BRF:4
BRH:2
end_of_record
